e:\working_project\sinkhole_attack_in_leach_updated_last\sinkhole_attack_in_leach\32-bit\code\dsr\debug\vc141.pdb
e:\working_project\sinkhole_attack_in_leach_updated_last\sinkhole_attack_in_leach\32-bit\code\dsr\debug\vc141.idb
e:\working_project\sinkhole_attack_in_leach_updated_last\sinkhole_attack_in_leach\32-bit\code\dsr\debug\sourceroute.obj
e:\working_project\sinkhole_attack_in_leach_updated_last\sinkhole_attack_in_leach\32-bit\code\dsr\debug\sendbuffer.obj
e:\working_project\sinkhole_attack_in_leach_updated_last\sinkhole_attack_in_leach\32-bit\code\dsr\debug\routerequest.obj
e:\working_project\sinkhole_attack_in_leach_updated_last\sinkhole_attack_in_leach\32-bit\code\dsr\debug\routereply.obj
e:\working_project\sinkhole_attack_in_leach_updated_last\sinkhole_attack_in_leach\32-bit\code\dsr\debug\routeerror.obj
e:\working_project\sinkhole_attack_in_leach_updated_last\sinkhole_attack_in_leach\32-bit\code\dsr\debug\routecache.obj
e:\working_project\sinkhole_attack_in_leach_updated_last\sinkhole_attack_in_leach\32-bit\code\dsr\debug\packetprocessing.obj
e:\working_project\sinkhole_attack_in_leach_updated_last\sinkhole_attack_in_leach\32-bit\code\dsr\debug\network_layer_ack.obj
e:\working_project\sinkhole_attack_in_leach_updated_last\sinkhole_attack_in_leach\32-bit\code\dsr\debug\maintbuffer.obj
e:\working_project\sinkhole_attack_in_leach_updated_last\sinkhole_attack_in_leach\32-bit\code\dsr\debug\dsr.obj
e:\working_project\sinkhole_attack_in_leach_updated_last\sinkhole_attack_in_leach\32-bit\code\dsr\debug\checkroutefound.obj
e:\working_project\sinkhole_attack_in_leach_updated_last\sinkhole_attack_in_leach\32-bit\code\dsr\debug\dsr.tlog\cl.command.1.tlog
e:\working_project\sinkhole_attack_in_leach_updated_last\sinkhole_attack_in_leach\32-bit\code\dsr\debug\dsr.tlog\cl.read.1.tlog
e:\working_project\sinkhole_attack_in_leach_updated_last\sinkhole_attack_in_leach\32-bit\code\dsr\debug\dsr.tlog\cl.write.1.tlog
e:\working_project\sinkhole_attack_in_leach_updated_last\sinkhole_attack_in_leach\32-bit\code\dsr\debug\dsr.tlog\link.14304.read.1.tlog
e:\working_project\sinkhole_attack_in_leach_updated_last\sinkhole_attack_in_leach\32-bit\code\dsr\debug\dsr.tlog\link.14304.write.1.tlog
e:\working_project\sinkhole_attack_in_leach_updated_last\sinkhole_attack_in_leach\32-bit\code\dsr\debug\dsr.tlog\link.command.1.tlog
e:\working_project\sinkhole_attack_in_leach_updated_last\sinkhole_attack_in_leach\32-bit\code\dsr\debug\dsr.tlog\link.read.1.tlog
e:\working_project\sinkhole_attack_in_leach_updated_last\sinkhole_attack_in_leach\32-bit\code\dsr\debug\dsr.tlog\link.write.1.tlog
