e:\working_project\sinkhole_attack_in_leach_updated_last\sinkhole_attack_in_leach\32-bit\code\dsr\debug\vc141.pdb
e:\working_project\sinkhole_attack_in_leach_updated_last\sinkhole_attack_in_leach\32-bit\code\dsr\debug\vc141.idb
e:\working_project\sinkhole_attack_in_leach_updated_last\sinkhole_attack_in_leach\32-bit\code\dsr\debug\sourceroute.obj
e:\working_project\sinkhole_attack_in_leach_updated_last\sinkhole_attack_in_leach\32-bit\code\dsr\debug\sendbuffer.obj
e:\working_project\sinkhole_attack_in_leach_updated_last\sinkhole_attack_in_leach\32-bit\code\dsr\debug\routerequest.obj
e:\working_project\sinkhole_attack_in_leach_updated_last\sinkhole_attack_in_leach\32-bit\code\dsr\debug\routereply.obj
e:\working_project\sinkhole_attack_in_leach_updated_last\sinkhole_attack_in_leach\32-bit\code\dsr\debug\routeerror.obj
e:\working_project\sinkhole_attack_in_leach_updated_last\sinkhole_attack_in_leach\32-bit\code\dsr\debug\routecache.obj
e:\working_project\sinkhole_attack_in_leach_updated_last\sinkhole_attack_in_leach\32-bit\code\dsr\debug\pathrater.obj
e:\working_project\sinkhole_attack_in_leach_updated_last\sinkhole_attack_in_leach\32-bit\code\dsr\debug\packetprocessing.obj
e:\working_project\sinkhole_attack_in_leach_updated_last\sinkhole_attack_in_leach\32-bit\code\dsr\debug\network_layer_ack.obj
e:\working_project\sinkhole_attack_in_leach_updated_last\sinkhole_attack_in_leach\32-bit\code\dsr\debug\malicious.obj
e:\working_project\sinkhole_attack_in_leach_updated_last\sinkhole_attack_in_leach\32-bit\code\dsr\debug\maintbuffer.obj
e:\working_project\sinkhole_attack_in_leach_updated_last\sinkhole_attack_in_leach\32-bit\code\dsr\debug\leach.obj
e:\working_project\sinkhole_attack_in_leach_updated_last\sinkhole_attack_in_leach\32-bit\code\dsr\debug\dsr.obj
e:\working_project\sinkhole_attack_in_leach_updated_last\sinkhole_attack_in_leach\32-bit\code\dsr\debug\checkroutefound.obj
e:\working_project\sinkhole_attack_in_leach_updated_last\sinkhole_attack_in_leach\32-bit\code\dll\libdsr.lib
e:\working_project\sinkhole_attack_in_leach_updated_last\sinkhole_attack_in_leach\32-bit\code\dll\libdsr.exp
e:\working_project\sinkhole_attack_in_leach_updated_last\sinkhole_attack_in_leach\32-bit\code\dll\libdsr.dll
e:\working_project\sinkhole_attack_in_leach_updated_last\sinkhole_attack_in_leach\32-bit\code\dll\libdsr.pdb
c:\users\netsim\desktop\v11.1_project\ids_in_leach_v11.1\32-bit\workspace_ids_in_leach\src\simulation\dsr\debug\checkroutefound.obj
c:\users\netsim\desktop\v11.1_project\ids_in_leach_v11.1\32-bit\workspace_ids_in_leach\src\simulation\dsr\debug\dsr.obj
c:\users\netsim\desktop\v11.1_project\ids_in_leach_v11.1\32-bit\workspace_ids_in_leach\src\simulation\dsr\debug\leach.obj
c:\users\netsim\desktop\v11.1_project\ids_in_leach_v11.1\32-bit\workspace_ids_in_leach\src\simulation\dsr\debug\maintbuffer.obj
c:\users\netsim\desktop\v11.1_project\ids_in_leach_v11.1\32-bit\workspace_ids_in_leach\src\simulation\dsr\debug\malicious.obj
c:\users\netsim\desktop\v11.1_project\ids_in_leach_v11.1\32-bit\workspace_ids_in_leach\src\simulation\dsr\debug\network_layer_ack.obj
c:\users\netsim\desktop\v11.1_project\ids_in_leach_v11.1\32-bit\workspace_ids_in_leach\src\simulation\dsr\debug\packetprocessing.obj
c:\users\netsim\desktop\v11.1_project\ids_in_leach_v11.1\32-bit\workspace_ids_in_leach\src\simulation\dsr\debug\pathrater.obj
c:\users\netsim\desktop\v11.1_project\ids_in_leach_v11.1\32-bit\workspace_ids_in_leach\src\simulation\dsr\debug\routecache.obj
c:\users\netsim\desktop\v11.1_project\ids_in_leach_v11.1\32-bit\workspace_ids_in_leach\src\simulation\dsr\debug\routeerror.obj
c:\users\netsim\desktop\v11.1_project\ids_in_leach_v11.1\32-bit\workspace_ids_in_leach\src\simulation\dsr\debug\routereply.obj
c:\users\netsim\desktop\v11.1_project\ids_in_leach_v11.1\32-bit\workspace_ids_in_leach\src\simulation\dsr\debug\routerequest.obj
c:\users\netsim\desktop\v11.1_project\ids_in_leach_v11.1\32-bit\workspace_ids_in_leach\src\simulation\dsr\debug\sendbuffer.obj
c:\users\netsim\desktop\v11.1_project\ids_in_leach_v11.1\32-bit\workspace_ids_in_leach\src\simulation\dsr\debug\sourceroute.obj
c:\users\netsim\desktop\v11.1_project\ids_in_leach_v11.1\32-bit\workspace_ids_in_leach\src\simulation\dsr\debug\vc141.idb
c:\users\netsim\desktop\v11.1_project\ids_in_leach_v11.1\32-bit\workspace_ids_in_leach\src\simulation\dsr\debug\vc141.pdb
c:\users\netsim\desktop\v11.1_project\ids_in_leach_v11.1\32-bit\workspace_ids_in_leach\src\simulation\dsr\..\..\..\bin\bin_x86\libdsr.dll
c:\users\netsim\desktop\v11.1_project\ids_in_leach_v11.1\32-bit\workspace_ids_in_leach\src\simulation\dsr\debug\dsr.tlog\cl.command.1.tlog
c:\users\netsim\desktop\v11.1_project\ids_in_leach_v11.1\32-bit\workspace_ids_in_leach\src\simulation\dsr\debug\dsr.tlog\cl.read.1.tlog
c:\users\netsim\desktop\v11.1_project\ids_in_leach_v11.1\32-bit\workspace_ids_in_leach\src\simulation\dsr\debug\dsr.tlog\cl.write.1.tlog
c:\users\netsim\desktop\v11.1_project\ids_in_leach_v11.1\32-bit\workspace_ids_in_leach\src\simulation\dsr\debug\dsr.tlog\dsr.write.1u.tlog
c:\users\netsim\desktop\v11.1_project\ids_in_leach_v11.1\32-bit\workspace_ids_in_leach\src\simulation\dsr\debug\dsr.tlog\link.command.1.tlog
c:\users\netsim\desktop\v11.1_project\ids_in_leach_v11.1\32-bit\workspace_ids_in_leach\src\simulation\dsr\debug\dsr.tlog\link.read.1.tlog
c:\users\netsim\desktop\v11.1_project\ids_in_leach_v11.1\32-bit\workspace_ids_in_leach\src\simulation\dsr\debug\dsr.tlog\link.write.1.tlog
